<?xml version="1.0" encoding="UTF-8"?>
<!-- Generated by org.testng.reporters.JUnitReportReporter -->
<testsuite hostname="MX-IT03914" failures="0" tests="1" name="com.rogelio.mx.test.Tests" time="5.243" errors="0" timestamp="11 May 2021 04:00:14 GMT">
  <testcase classname="com.rogelio.mx.test.Tests" name="testOne" time="5.243"/>
</testsuite> <!-- com.rogelio.mx.test.Tests -->
