<?xml version="1.0" encoding="UTF-8"?>
<!-- Generated by org.testng.reporters.JUnitReportReporter -->
<testsuite hostname="MX-IT03914" name="com.rogelio.mx.test.Tests" tests="3" failures="0" timestamp="11 May 2021 06:13:49 GMT" time="15.324" errors="0">
  <testcase name="test002" time="5.287" classname="com.rogelio.mx.test.Tests"/>
  <testcase name="test003" time="5.023" classname="com.rogelio.mx.test.Tests"/>
  <testcase name="testOne" time="5.014" classname="com.rogelio.mx.test.Tests"/>
</testsuite> <!-- com.rogelio.mx.test.Tests -->
